[debug] [2022-04-08T12:14:57.615Z] ----------------------------------------------------------------------
[debug] [2022-04-08T12:14:57.617Z] Command:       /home/deep/.nvm/versions/node/v14.17.3/bin/node /home/deep/.nvm/versions/node/v14.17.3/bin/firebase deploy
[debug] [2022-04-08T12:14:57.617Z] CLI Version:   10.5.0
[debug] [2022-04-08T12:14:57.617Z] Platform:      linux
[debug] [2022-04-08T12:14:57.617Z] Node Version:  v14.17.3
[debug] [2022-04-08T12:14:57.617Z] Time:          Fri Apr 08 2022 17:44:57 GMT+0530 (India Standard Time)
[debug] [2022-04-08T12:14:57.617Z] ----------------------------------------------------------------------
[debug] 
[debug] [2022-04-08T12:14:57.681Z] > command requires scopes: ["email","openid","https://www.googleapis.com/auth/cloudplatformprojects.readonly","https://www.googleapis.com/auth/firebase","https://www.googleapis.com/auth/cloud-platform"]
[debug] [2022-04-08T12:14:57.682Z] > authorizing via signed-in user (girirajstore2021@gmail.com)
[debug] [2022-04-08T12:14:57.682Z] [iam] checking project ng-erp-3dcfb for permissions ["firebase.projects.get","firebasehosting.sites.update"]
[debug] [2022-04-08T12:14:57.684Z] >>> [apiv2][query] POST https://cloudresourcemanager.googleapis.com/v1/projects/ng-erp-3dcfb:testIamPermissions [none]
[debug] [2022-04-08T12:14:57.684Z] >>> [apiv2][body] POST https://cloudresourcemanager.googleapis.com/v1/projects/ng-erp-3dcfb:testIamPermissions {"permissions":["firebase.projects.get","firebasehosting.sites.update"]}
[debug] [2022-04-08T12:14:59.305Z] <<< [apiv2][status] POST https://cloudresourcemanager.googleapis.com/v1/projects/ng-erp-3dcfb:testIamPermissions 200
[debug] [2022-04-08T12:14:59.306Z] <<< [apiv2][body] POST https://cloudresourcemanager.googleapis.com/v1/projects/ng-erp-3dcfb:testIamPermissions {}
[debug] [2022-04-08T12:14:59.306Z] [iam] error while checking permissions, command may fail: FirebaseError: Authorization failed. This account is missing the following required permissions on project ng-erp-3dcfb:

  firebase.projects.get
  firebasehosting.sites.update
[debug] [2022-04-08T12:14:59.308Z] >>> [apiv2][query] GET https://firebase.googleapis.com/v1beta1/projects/ng-erp-3dcfb [none]
[debug] [2022-04-08T12:15:00.059Z] <<< [apiv2][status] GET https://firebase.googleapis.com/v1beta1/projects/ng-erp-3dcfb 403
[debug] [2022-04-08T12:15:00.059Z] <<< [apiv2][body] GET https://firebase.googleapis.com/v1beta1/projects/ng-erp-3dcfb {"error":{"code":403,"message":"The caller does not have permission","status":"PERMISSION_DENIED"}}
[debug] [2022-04-08T12:15:00.060Z] HTTP Error: 403, The caller does not have permission
[debug] [2022-04-08T12:15:00.291Z] FirebaseError: HTTP Error: 403, The caller does not have permission
    at module.exports (/home/deep/.nvm/versions/node/v14.17.3/lib/node_modules/firebase-tools/lib/responseToError.js:47:12)
    at RetryOperation._fn (/home/deep/.nvm/versions/node/v14.17.3/lib/node_modules/firebase-tools/lib/apiv2.js:286:39)
    at processTicksAndRejections (internal/process/task_queues.js:95:5)
[error] 
[error] Error: Failed to get Firebase project ng-erp-3dcfb. Please make sure the project exists and your account has permission to access it.
